{
  "stats": {
    "suites": 1,
    "tests": 1,
    "passes": 1,
    "pending": 0,
    "failures": 0,
    "start": "2024-11-11T19:09:37.491Z",
    "end": "2024-11-11T19:09:37.977Z",
    "duration": 486,
    "testsRegistered": 1,
    "passPercent": 100,
    "pendingPercent": 0,
    "other": 0,
    "hasOther": false,
    "skipped": 0,
    "hasSkipped": false
  },
  "results": [
    {
      "uuid": "c8f90947-1d47-46ad-8597-8c2b1485aab1",
      "title": "",
      "fullFile": "cypress/e2e/API/auth.cy.js",
      "file": "cypress/e2e/API/auth.cy.js",
      "beforeHooks": [],
      "afterHooks": [],
      "tests": [],
      "suites": [
        {
          "uuid": "d813c43e-4601-47c1-ab1c-8fa84dea76be",
          "title": "AUTH",
          "fullFile": "",
          "file": "",
          "beforeHooks": [],
          "afterHooks": [],
          "tests": [
            {
              "title": "GET cookies",
              "fullTitle": "AUTH GET cookies",
              "timedOut": null,
              "duration": 465,
              "state": "passed",
              "speed": "fast",
              "pass": true,
              "fail": false,
              "pending": false,
              "context": null,
              "code": "const userCreds = {\n  email: 'viktoriacuskina@gmail.com',\n  password: 'Test123456789',\n  remember: true\n};\ncy.request('POST', 'https://qauto.forstudy.space/api/auth/signin', userCreds).then(response => {\n  const headers = response.headers; // Исправлено с Response на response\n  const cookies = headers['set-cookie']; // Здесь получаем массив cookies\n  // Переменная для хранения значения `sid`\n  let sid = '';\n  // Проверка, что массив cookies существует и имеет значения\n  if (cookies) {\n    for (const cookie of cookies) {\n      if (cookie.trim().startsWith('sid=')) {\n        // Исправлено startWith на startsWith\n        sid = cookie.trim().split('=')[1].split(';')[0];\n        break;\n      }\n    }\n  }\n  cy.log(`SID: ${sid}`);\n  // Установка куки sid для дальнейшего использования в запросах\n  cy.setCookie('sid', sid);\n  // Добавьте здесь любые дополнительные проверки, если это необходимо\n});",
              "err": {},
              "uuid": "5d0387f2-4ad5-421c-bcc0-4800913e7f31",
              "parentUUID": "d813c43e-4601-47c1-ab1c-8fa84dea76be",
              "isHook": false,
              "skipped": false
            }
          ],
          "suites": [],
          "passes": [
            "5d0387f2-4ad5-421c-bcc0-4800913e7f31"
          ],
          "failures": [],
          "pending": [],
          "skipped": [],
          "duration": 465,
          "root": false,
          "rootEmpty": false,
          "_timeout": 2000
        }
      ],
      "passes": [],
      "failures": [],
      "pending": [],
      "skipped": [],
      "duration": 0,
      "root": true,
      "rootEmpty": true,
      "_timeout": 2000
    }
  ],
  "meta": {
    "mocha": {
      "version": "7.0.1"
    },
    "mochawesome": {
      "options": {
        "quiet": false,
        "reportFilename": "mochawesome",
        "saveHtml": false,
        "saveJson": true,
        "consoleReporter": "spec",
        "useInlineDiffs": false,
        "code": true
      },
      "version": "7.1.3"
    },
    "marge": {
      "options": {
        "reportDir": "cypress/reports",
        "overwrite": false,
        "html": false,
        "json": true
      },
      "version": "6.2.0"
    }
  }
}