{
  "stats": {
    "suites": 1,
    "tests": 1,
    "passes": 1,
    "pending": 0,
    "failures": 0,
    "start": "2024-11-05T17:34:39.408Z",
    "end": "2024-11-05T17:34:42.199Z",
    "duration": 2791,
    "testsRegistered": 1,
    "passPercent": 100,
    "pendingPercent": 0,
    "other": 0,
    "hasOther": false,
    "skipped": 0,
    "hasSkipped": false
  },
  "results": [
    {
      "uuid": "29da20df-5bf6-44d3-8f76-584214228560",
      "title": "",
      "fullFile": "cypress/e2e/login.cy.js",
      "file": "cypress/e2e/login.cy.js",
      "beforeHooks": [],
      "afterHooks": [],
      "tests": [],
      "suites": [
        {
          "uuid": "53181d18-048d-4665-9814-4dcbda69eed9",
          "title": "Saucedemo Login Tests",
          "fullFile": "",
          "file": "",
          "beforeHooks": [],
          "afterHooks": [],
          "tests": [
            {
              "title": "Logs in using environment variables",
              "fullTitle": "Saucedemo Login Tests Logs in using environment variables",
              "timedOut": null,
              "duration": 1559,
              "state": "passed",
              "speed": "fast",
              "pass": true,
              "fail": false,
              "pending": false,
              "context": null,
              "code": "cy.get('[data-test=\"username\"]').type(Cypress.env('USER_NAME'));\ncy.get('[data-test=\"password\"]').type(Cypress.env('USER_PASSWORD'));\ncy.get('[data-test=\"login-button\"]').click();\n// Перевірка, чи успішно виконаний вхід\ncy.url().should('include', '/inventory');",
              "err": {},
              "uuid": "ed038341-23dc-4383-b94b-d12aa44c2d42",
              "parentUUID": "53181d18-048d-4665-9814-4dcbda69eed9",
              "isHook": false,
              "skipped": false
            }
          ],
          "suites": [],
          "passes": [
            "ed038341-23dc-4383-b94b-d12aa44c2d42"
          ],
          "failures": [],
          "pending": [],
          "skipped": [],
          "duration": 1559,
          "root": false,
          "rootEmpty": false,
          "_timeout": 2000
        }
      ],
      "passes": [],
      "failures": [],
      "pending": [],
      "skipped": [],
      "duration": 0,
      "root": true,
      "rootEmpty": true,
      "_timeout": 2000
    }
  ],
  "meta": {
    "mocha": {
      "version": "7.0.1"
    },
    "mochawesome": {
      "options": {
        "quiet": false,
        "reportFilename": "mochawesome",
        "saveHtml": false,
        "saveJson": true,
        "consoleReporter": "spec",
        "useInlineDiffs": false,
        "code": true
      },
      "version": "7.1.3"
    },
    "marge": {
      "options": {
        "reportDir": "cypress/reports",
        "overwrite": false,
        "html": false,
        "json": true
      },
      "version": "6.2.0"
    }
  }
}