{
  "stats": {
    "suites": 1,
    "tests": 1,
    "passes": 1,
    "pending": 0,
    "failures": 0,
    "start": "2024-11-05T17:37:34.606Z",
    "end": "2024-11-05T17:37:39.678Z",
    "duration": 5072,
    "testsRegistered": 1,
    "passPercent": 100,
    "pendingPercent": 0,
    "other": 0,
    "hasOther": false,
    "skipped": 0,
    "hasSkipped": false
  },
  "results": [
    {
      "uuid": "beafaae4-be46-4232-804a-7ca3bf865248",
      "title": "",
      "fullFile": "cypress/e2e/registration/registrationTests.cy.js",
      "file": "cypress/e2e/registration/registrationTests.cy.js",
      "beforeHooks": [],
      "afterHooks": [],
      "tests": [],
      "suites": [
        {
          "uuid": "512ba8ca-34fb-4e18-96b1-7b3dc294ffb5",
          "title": "Login",
          "fullFile": "",
          "file": "",
          "beforeHooks": [],
          "afterHooks": [],
          "tests": [
            {
              "title": "log",
              "fullTitle": "Login log",
              "timedOut": null,
              "duration": 4228,
              "state": "passed",
              "speed": "fast",
              "pass": true,
              "fail": false,
              "pending": false,
              "context": null,
              "code": "cy.contains('button', 'Sign In').click();\ncy.contains('button', 'Registration').click();\ncy.get('input[name=\"name\"]').type('Viktoriia');\ncy.get('input[name=\"lastName\"]').type('Viktoriia');\nconst uniqueEmail = `test+${Date.now()}@example.com`;\ncy.get('#signupEmail').type(uniqueEmail);\ncy.get('#signupPassword').type('Password123', {\n  sensitive: true\n});\ncy.get('#signupRepeatPassword').type('Password123');\ncy.contains('button', 'Register').should('be.visible').and('not.be.disabled').click();\ncy.get('#userNavDropdown').should('be.visible');",
              "err": {},
              "uuid": "ddba5178-3bc7-4172-bf87-6926ce6dba8e",
              "parentUUID": "512ba8ca-34fb-4e18-96b1-7b3dc294ffb5",
              "isHook": false,
              "skipped": false
            }
          ],
          "suites": [],
          "passes": [
            "ddba5178-3bc7-4172-bf87-6926ce6dba8e"
          ],
          "failures": [],
          "pending": [],
          "skipped": [],
          "duration": 4228,
          "root": false,
          "rootEmpty": false,
          "_timeout": 2000
        }
      ],
      "passes": [],
      "failures": [],
      "pending": [],
      "skipped": [],
      "duration": 0,
      "root": true,
      "rootEmpty": true,
      "_timeout": 2000
    }
  ],
  "meta": {
    "mocha": {
      "version": "7.0.1"
    },
    "mochawesome": {
      "options": {
        "quiet": false,
        "reportFilename": "mochawesome",
        "saveHtml": false,
        "saveJson": true,
        "consoleReporter": "spec",
        "useInlineDiffs": false,
        "code": true
      },
      "version": "7.1.3"
    },
    "marge": {
      "options": {
        "reportDir": "cypress/reports",
        "overwrite": false,
        "html": false,
        "json": true
      },
      "version": "6.2.0"
    }
  }
}