{
  "stats": {
    "suites": 1,
    "tests": 1,
    "passes": 0,
    "pending": 0,
    "failures": 1,
    "start": "2024-11-05T17:35:58.327Z",
    "end": "2024-11-05T17:35:58.597Z",
    "duration": 270,
    "testsRegistered": 1,
    "passPercent": 0,
    "pendingPercent": 0,
    "other": 0,
    "hasOther": false,
    "skipped": 0,
    "hasSkipped": false
  },
  "results": [
    {
      "uuid": "a614a3eb-aefd-446c-8480-bfcd2f5e1ba0",
      "title": "",
      "fullFile": "cypress/e2e/reporters/expenses.cy.js",
      "file": "cypress/e2e/reporters/expenses.cy.js",
      "beforeHooks": [],
      "afterHooks": [],
      "tests": [],
      "suites": [
        {
          "uuid": "e2403f2a-d37f-4aee-9bd9-1826f1faef2a",
          "title": "Expenses Tests",
          "fullFile": "",
          "file": "",
          "beforeHooks": [],
          "afterHooks": [],
          "tests": [
            {
              "title": "should add fuel expense",
              "fullTitle": "Expenses Tests should add fuel expense",
              "timedOut": null,
              "duration": 229,
              "state": "failed",
              "speed": null,
              "pass": false,
              "fail": true,
              "pending": false,
              "context": null,
              "code": "_expensesPage.default.addFuelExpense('50', '2.5');\n_expensesPage.default.verifyExpenseAdded('50');",
              "err": {
                "message": "TypeError: Failed to construct 'URL': Invalid URL\n\nBecause this error occurred during a `before each` hook we are skipping the remaining tests in the current suite: `Expenses Tests`",
                "estack": "TypeError: Failed to construct 'URL': Invalid URL\n\nBecause this error occurred during a `before each` hook we are skipping the remaining tests in the current suite: `Expenses Tests`\n    at Context.eval (webpack://cypress-project-1/./cypress/support/commands.js:32:51)",
                "diff": null
              },
              "uuid": "e1e83701-b116-441b-b430-50d41302f7b4",
              "parentUUID": "e2403f2a-d37f-4aee-9bd9-1826f1faef2a",
              "isHook": false,
              "skipped": false
            }
          ],
          "suites": [],
          "passes": [],
          "failures": [
            "e1e83701-b116-441b-b430-50d41302f7b4"
          ],
          "pending": [],
          "skipped": [],
          "duration": 229,
          "root": false,
          "rootEmpty": false,
          "_timeout": 2000
        }
      ],
      "passes": [],
      "failures": [],
      "pending": [],
      "skipped": [],
      "duration": 0,
      "root": true,
      "rootEmpty": true,
      "_timeout": 2000
    }
  ],
  "meta": {
    "mocha": {
      "version": "7.0.1"
    },
    "mochawesome": {
      "options": {
        "quiet": false,
        "reportFilename": "mochawesome",
        "saveHtml": false,
        "saveJson": true,
        "consoleReporter": "spec",
        "useInlineDiffs": false,
        "code": true
      },
      "version": "7.1.3"
    },
    "marge": {
      "options": {
        "reportDir": "cypress/reports",
        "overwrite": false,
        "html": false,
        "json": true
      },
      "version": "6.2.0"
    }
  }
}