{
  "stats": {
    "suites": 1,
    "tests": 1,
    "passes": 0,
    "pending": 0,
    "failures": 1,
    "start": "2024-11-11T19:10:02.201Z",
    "end": "2024-11-11T19:10:09.134Z",
    "duration": 6933,
    "testsRegistered": 1,
    "passPercent": 0,
    "pendingPercent": 0,
    "other": 0,
    "hasOther": false,
    "skipped": 0,
    "hasSkipped": false
  },
  "results": [
    {
      "uuid": "751e3e9e-19f5-4b13-9855-f69827584875",
      "title": "",
      "fullFile": "cypress/e2e/practice/qaauto.cy.js",
      "file": "cypress/e2e/practice/qaauto.cy.js",
      "beforeHooks": [],
      "afterHooks": [],
      "tests": [],
      "suites": [
        {
          "uuid": "b10ec9c5-37ff-46ec-aa36-31b4823fcccb",
          "title": "Basic quarey ",
          "fullFile": "",
          "file": "",
          "beforeHooks": [],
          "afterHooks": [],
          "tests": [
            {
              "title": "Login",
              "fullTitle": "Basic quarey  Login",
              "timedOut": null,
              "duration": 5887,
              "state": "failed",
              "speed": null,
              "pass": false,
              "fail": true,
              "pending": false,
              "context": null,
              "code": "cy.contains('button', 'Sign In').click();\ncy.get('[data-test=\"username\"]').type('standard_user');\ncy.get('[placeholder=\"Password\"]').type('secret_sauce');\ncy.get('[data-test=\"login-button\"]').click();",
              "err": {
                "message": "AssertionError: Timed out retrying after 4000ms: Expected to find element: `[data-test=\"username\"]`, but never found it.",
                "estack": "AssertionError: Timed out retrying after 4000ms: Expected to find element: `[data-test=\"username\"]`, but never found it.\n    at Context.eval (webpack://cypress-project-1/./cypress/e2e/practice/qaauto.cy.js:9:5)",
                "diff": null
              },
              "uuid": "6c7c64f0-52b1-45c7-a75d-dde9a2cf2e98",
              "parentUUID": "b10ec9c5-37ff-46ec-aa36-31b4823fcccb",
              "isHook": false,
              "skipped": false
            }
          ],
          "suites": [],
          "passes": [],
          "failures": [
            "6c7c64f0-52b1-45c7-a75d-dde9a2cf2e98"
          ],
          "pending": [],
          "skipped": [],
          "duration": 5887,
          "root": false,
          "rootEmpty": false,
          "_timeout": 2000
        }
      ],
      "passes": [],
      "failures": [],
      "pending": [],
      "skipped": [],
      "duration": 0,
      "root": true,
      "rootEmpty": true,
      "_timeout": 2000
    }
  ],
  "meta": {
    "mocha": {
      "version": "7.0.1"
    },
    "mochawesome": {
      "options": {
        "quiet": false,
        "reportFilename": "mochawesome",
        "saveHtml": false,
        "saveJson": true,
        "consoleReporter": "spec",
        "useInlineDiffs": false,
        "code": true
      },
      "version": "7.1.3"
    },
    "marge": {
      "options": {
        "reportDir": "cypress/reports",
        "overwrite": false,
        "html": false,
        "json": true
      },
      "version": "6.2.0"
    }
  }
}