{
  "stats": {
    "suites": 1,
    "tests": 1,
    "passes": 1,
    "pending": 0,
    "failures": 0,
    "start": "2024-11-11T19:09:52.624Z",
    "end": "2024-11-11T19:09:56.717Z",
    "duration": 4093,
    "testsRegistered": 1,
    "passPercent": 100,
    "pendingPercent": 0,
    "other": 0,
    "hasOther": false,
    "skipped": 0,
    "hasSkipped": false
  },
  "results": [
    {
      "uuid": "df2bc674-d0ab-4a13-b2fd-f18645713852",
      "title": "",
      "fullFile": "cypress/e2e/practice/basic.cy.js",
      "file": "cypress/e2e/practice/basic.cy.js",
      "beforeHooks": [],
      "afterHooks": [],
      "tests": [],
      "suites": [
        {
          "uuid": "3f851afa-9557-4bda-8862-3590787d28d7",
          "title": "Basic",
          "fullFile": "",
          "file": "",
          "beforeHooks": [],
          "afterHooks": [],
          "tests": [
            {
              "title": "Test login page loads",
              "fullTitle": "Basic Test login page loads",
              "timedOut": null,
              "duration": 1133,
              "state": "passed",
              "speed": "fast",
              "pass": true,
              "fail": false,
              "pending": false,
              "context": null,
              "code": "// cy.get('#product-updates-button');\ncy.contains('Sign In');",
              "err": {},
              "uuid": "51c9a84e-f34e-4e14-8d77-dc65b0986410",
              "parentUUID": "3f851afa-9557-4bda-8862-3590787d28d7",
              "isHook": false,
              "skipped": false
            }
          ],
          "suites": [],
          "passes": [
            "51c9a84e-f34e-4e14-8d77-dc65b0986410"
          ],
          "failures": [],
          "pending": [],
          "skipped": [],
          "duration": 1133,
          "root": false,
          "rootEmpty": false,
          "_timeout": 2000
        }
      ],
      "passes": [],
      "failures": [],
      "pending": [],
      "skipped": [],
      "duration": 0,
      "root": true,
      "rootEmpty": true,
      "_timeout": 2000
    }
  ],
  "meta": {
    "mocha": {
      "version": "7.0.1"
    },
    "mochawesome": {
      "options": {
        "quiet": false,
        "reportFilename": "mochawesome",
        "saveHtml": false,
        "saveJson": true,
        "consoleReporter": "spec",
        "useInlineDiffs": false,
        "code": true
      },
      "version": "7.1.3"
    },
    "marge": {
      "options": {
        "reportDir": "cypress/reports",
        "overwrite": false,
        "html": false,
        "json": true
      },
      "version": "6.2.0"
    }
  }
}