{
  "stats": {
    "suites": 1,
    "tests": 1,
    "passes": 1,
    "pending": 0,
    "failures": 0,
    "start": "2024-11-05T17:37:19.941Z",
    "end": "2024-11-05T17:37:21.768Z",
    "duration": 1827,
    "testsRegistered": 1,
    "passPercent": 100,
    "pendingPercent": 0,
    "other": 0,
    "hasOther": false,
    "skipped": 0,
    "hasSkipped": false
  },
  "results": [
    {
      "uuid": "e95809c5-54a2-4dbe-9eb3-2eb7293efec1",
      "title": "",
      "fullFile": "cypress/e2e/practice/basic.cy.js",
      "file": "cypress/e2e/practice/basic.cy.js",
      "beforeHooks": [],
      "afterHooks": [],
      "tests": [],
      "suites": [
        {
          "uuid": "ce774bfe-1c2a-4d07-90a6-6e21e0ea5ad3",
          "title": "Basic",
          "fullFile": "",
          "file": "",
          "beforeHooks": [],
          "afterHooks": [],
          "tests": [
            {
              "title": "Test login page loads",
              "fullTitle": "Basic Test login page loads",
              "timedOut": null,
              "duration": 741,
              "state": "passed",
              "speed": "fast",
              "pass": true,
              "fail": false,
              "pending": false,
              "context": null,
              "code": "// cy.get('#product-updates-button');\ncy.contains('Sign In');",
              "err": {},
              "uuid": "209ce40f-15a7-4a0d-b291-60da66ed8d72",
              "parentUUID": "ce774bfe-1c2a-4d07-90a6-6e21e0ea5ad3",
              "isHook": false,
              "skipped": false
            }
          ],
          "suites": [],
          "passes": [
            "209ce40f-15a7-4a0d-b291-60da66ed8d72"
          ],
          "failures": [],
          "pending": [],
          "skipped": [],
          "duration": 741,
          "root": false,
          "rootEmpty": false,
          "_timeout": 2000
        }
      ],
      "passes": [],
      "failures": [],
      "pending": [],
      "skipped": [],
      "duration": 0,
      "root": true,
      "rootEmpty": true,
      "_timeout": 2000
    }
  ],
  "meta": {
    "mocha": {
      "version": "7.0.1"
    },
    "mochawesome": {
      "options": {
        "quiet": false,
        "reportFilename": "mochawesome",
        "saveHtml": false,
        "saveJson": true,
        "consoleReporter": "spec",
        "useInlineDiffs": false,
        "code": true
      },
      "version": "7.1.3"
    },
    "marge": {
      "options": {
        "reportDir": "cypress/reports",
        "overwrite": false,
        "html": false,
        "json": true
      },
      "version": "6.2.0"
    }
  }
}