{
  "stats": {
    "suites": 1,
    "tests": 1,
    "passes": 1,
    "pending": 0,
    "failures": 0,
    "start": "2024-11-03T20:41:23.904Z",
    "end": "2024-11-03T20:41:29.200Z",
    "duration": 5296,
    "testsRegistered": 1,
    "passPercent": 100,
    "pendingPercent": 0,
    "other": 0,
    "hasOther": false,
    "skipped": 0,
    "hasSkipped": false
  },
  "results": [
    {
      "uuid": "3cfa1551-cb92-48f7-a4d2-6cc9d190eeed",
      "title": "",
      "fullFile": "cypress/e2e/registration/registrationTests.cy.js",
      "file": "cypress/e2e/registration/registrationTests.cy.js",
      "beforeHooks": [],
      "afterHooks": [],
      "tests": [],
      "suites": [
        {
          "uuid": "f2836aec-6c5c-4bbe-8fde-3cd87d825bf3",
          "title": "Login",
          "fullFile": "",
          "file": "",
          "beforeHooks": [],
          "afterHooks": [],
          "tests": [
            {
              "title": "log",
              "fullTitle": "Login log",
              "timedOut": null,
              "duration": 5254,
              "state": "passed",
              "speed": "medium",
              "pass": true,
              "fail": false,
              "pending": false,
              "context": null,
              "code": "cy.contains('button', 'Sign In').click();\ncy.contains('button', 'Registration').click();\ncy.get('input[name=\"name\"]').type('Viktoriia');\ncy.get('input[name=\"lastName\"]').type('Viktoriia');\nconst uniqueEmail = `test+${Date.now()}@example.com`;\ncy.get('#signupEmail').type(uniqueEmail);\ncy.get('#signupPassword').type('Password123', {\n  sensitive: true\n});\ncy.get('#signupRepeatPassword').type('Password123');\ncy.contains('button', 'Register').should('be.visible').and('not.be.disabled').click();\ncy.get('#userNavDropdown').should('be.visible');",
              "err": {},
              "uuid": "181a058b-68fc-4a57-bd96-a2d293c624dd",
              "parentUUID": "f2836aec-6c5c-4bbe-8fde-3cd87d825bf3",
              "isHook": false,
              "skipped": false
            }
          ],
          "suites": [],
          "passes": [
            "181a058b-68fc-4a57-bd96-a2d293c624dd"
          ],
          "failures": [],
          "pending": [],
          "skipped": [],
          "duration": 5254,
          "root": false,
          "rootEmpty": false,
          "_timeout": 2000
        }
      ],
      "passes": [],
      "failures": [],
      "pending": [],
      "skipped": [],
      "duration": 0,
      "root": true,
      "rootEmpty": true,
      "_timeout": 2000
    }
  ],
  "meta": {
    "mocha": {
      "version": "7.0.1"
    },
    "mochawesome": {
      "options": {
        "quiet": false,
        "reportFilename": "mochawesome",
        "saveHtml": false,
        "saveJson": true,
        "consoleReporter": "spec",
        "useInlineDiffs": false,
        "code": true
      },
      "version": "7.1.3"
    },
    "marge": {
      "options": {
        "reportDir": "cypress/reports/qauto/.jsons",
        "overwrite": false,
        "html": false,
        "json": true
      },
      "version": "6.2.0"
    }
  }
}