{
  "stats": {
    "suites": 2,
    "tests": 5,
    "passes": 4,
    "pending": 0,
    "failures": 1,
    "start": "2024-11-03T20:45:55.703Z",
    "end": "2024-11-03T20:45:59.865Z",
    "duration": 4162,
    "testsRegistered": 5,
    "passPercent": 80,
    "pendingPercent": 0,
    "other": 0,
    "hasOther": false,
    "skipped": 0,
    "hasSkipped": false
  },
  "results": [
    {
      "uuid": "76925429-8451-4bfd-af16-1081aa656380",
      "title": "",
      "fullFile": "cypress/e2e/2-advanced-examples/misc.cy.js",
      "file": "cypress/e2e/2-advanced-examples/misc.cy.js",
      "beforeHooks": [],
      "afterHooks": [],
      "tests": [],
      "suites": [
        {
          "uuid": "2ff761c3-54b8-42bb-bdd8-e5496e92482f",
          "title": "Misc",
          "fullFile": "",
          "file": "",
          "beforeHooks": [],
          "afterHooks": [],
          "tests": [
            {
              "title": "cy.exec() - execute a system command",
              "fullTitle": "Misc cy.exec() - execute a system command",
              "timedOut": null,
              "duration": 747,
              "state": "failed",
              "speed": null,
              "pass": false,
              "fail": true,
              "pending": false,
              "context": null,
              "code": "// execute a system command.\n// so you can take actions necessary for\n// your test outside the scope of Cypress.\n// https://on.cypress.io/exec\n// we can use Cypress.platform string to\n// select appropriate command\n// https://on.cypress/io/platform\ncy.log(`Platform ${Cypress.platform} architecture ${Cypress.arch}`);\n// on CircleCI Windows build machines we have a failure to run bash shell\n// https://github.com/cypress-io/cypress/issues/5169\n// so skip some of the tests by passing flag \"--env circle=true\"\nconst isCircleOnWindows = Cypress.platform === 'win32' && Cypress.env('circle');\nif (isCircleOnWindows) {\n  cy.log('Skipping test on CircleCI');\n  return;\n}\n// cy.exec problem on Shippable CI\n// https://github.com/cypress-io/cypress/issues/6718\nconst isShippable = Cypress.platform === 'linux' && Cypress.env('shippable');\nif (isShippable) {\n  cy.log('Skipping test on ShippableCI');\n  return;\n}\ncy.exec('echo Jane Lane').its('stdout').should('contain', 'Jane Lane');\nif (Cypress.platform === 'win32') {\n  cy.exec(`print ${Cypress.config('configFile')}`).its('stderr').should('be.empty');\n} else {\n  cy.exec(`cat ${Cypress.config('configFile')}`).its('stderr').should('be.empty');\n  cy.exec('pwd').its('code').should('eq', 0);\n}",
              "err": {
                "message": "CypressError: `cy.exec('cat qauto.config.js')` failed because the command exited with a non-zero code.\n\nPass `{failOnNonZeroExit: false}` to ignore exit code failures.\n\nInformation about the failure:\nCode: 1\n\nStderr:\ncat: qauto.config.js: No such file or directory\n\nhttps://on.cypress.io/exec",
                "estack": "CypressError: `cy.exec('cat qauto.config.js')` failed because the command exited with a non-zero code.\n\nPass `{failOnNonZeroExit: false}` to ignore exit code failures.\n\nInformation about the failure:\nCode: 1\n\nStderr:\ncat: qauto.config.js: No such file or directory\n\nhttps://on.cypress.io/exec\n    at <unknown> (https://example.cypress.io/__cypress/runner/cypress_runner.js:120333:77)\n    at tryCatcher (https://example.cypress.io/__cypress/runner/cypress_runner.js:1807:23)\n    at Promise._settlePromiseFromHandler (https://example.cypress.io/__cypress/runner/cypress_runner.js:1519:31)\n    at Promise._settlePromise (https://example.cypress.io/__cypress/runner/cypress_runner.js:1576:18)\n    at Promise._settlePromise0 (https://example.cypress.io/__cypress/runner/cypress_runner.js:1621:10)\n    at Promise._settlePromises (https://example.cypress.io/__cypress/runner/cypress_runner.js:1701:18)\n    at _drainQueueStep (https://example.cypress.io/__cypress/runner/cypress_runner.js:2407:12)\n    at _drainQueue (https://example.cypress.io/__cypress/runner/cypress_runner.js:2400:9)\n    at Async._drainQueues (https://example.cypress.io/__cypress/runner/cypress_runner.js:2416:5)\n    at Async.drainQueues (https://example.cypress.io/__cypress/runner/cypress_runner.js:2286:14)\nFrom Your Spec Code:\n    at Context.eval (webpack:///../e2e/2-advanced-examples/misc.cy.js:47:9)",
                "diff": null
              },
              "uuid": "226f1848-36eb-47e7-8458-09a03106f959",
              "parentUUID": "2ff761c3-54b8-42bb-bdd8-e5496e92482f",
              "isHook": false,
              "skipped": false
            },
            {
              "title": "cy.focused() - get the DOM element that has focus",
              "fullTitle": "Misc cy.focused() - get the DOM element that has focus",
              "timedOut": null,
              "duration": 280,
              "state": "passed",
              "speed": "fast",
              "pass": true,
              "fail": false,
              "pending": false,
              "context": null,
              "code": "// https://on.cypress.io/focused\ncy.get('.misc-form').find('#name').click();\ncy.focused().should('have.id', 'name');\ncy.get('.misc-form').find('#description').click();\ncy.focused().should('have.id', 'description');",
              "err": {},
              "uuid": "37ba1551-50d8-4b24-bfb6-13ee8e549fc3",
              "parentUUID": "2ff761c3-54b8-42bb-bdd8-e5496e92482f",
              "isHook": false,
              "skipped": false
            },
            {
              "title": "cy.wrap() - wrap an object",
              "fullTitle": "Misc cy.wrap() - wrap an object",
              "timedOut": null,
              "duration": 100,
              "state": "passed",
              "speed": "fast",
              "pass": true,
              "fail": false,
              "pending": false,
              "context": null,
              "code": "// https://on.cypress.io/wrap\ncy.wrap({\n  foo: 'bar'\n}).should('have.property', 'foo').and('include', 'bar');",
              "err": {},
              "uuid": "4dcb7b28-beaf-462e-8d72-a25e6988e866",
              "parentUUID": "2ff761c3-54b8-42bb-bdd8-e5496e92482f",
              "isHook": false,
              "skipped": false
            }
          ],
          "suites": [
            {
              "uuid": "c42e5c3a-43e8-474b-9243-f74a77afe500",
              "title": "Cypress.Screenshot",
              "fullFile": "",
              "file": "",
              "beforeHooks": [],
              "afterHooks": [],
              "tests": [
                {
                  "title": "cy.screenshot() - take a screenshot",
                  "fullTitle": "Misc Cypress.Screenshot cy.screenshot() - take a screenshot",
                  "timedOut": null,
                  "duration": 1780,
                  "state": "passed",
                  "speed": "fast",
                  "pass": true,
                  "fail": false,
                  "pending": false,
                  "context": null,
                  "code": "// https://on.cypress.io/screenshot\ncy.screenshot('my-image');",
                  "err": {},
                  "uuid": "86994c6c-6a07-44ea-9577-f51443d9e3be",
                  "parentUUID": "c42e5c3a-43e8-474b-9243-f74a77afe500",
                  "isHook": false,
                  "skipped": false
                },
                {
                  "title": "Cypress.Screenshot.defaults() - change default config of screenshots",
                  "fullTitle": "Misc Cypress.Screenshot Cypress.Screenshot.defaults() - change default config of screenshots",
                  "timedOut": null,
                  "duration": 116,
                  "state": "passed",
                  "speed": "fast",
                  "pass": true,
                  "fail": false,
                  "pending": false,
                  "context": null,
                  "code": "Cypress.Screenshot.defaults({\n  blackout: ['.foo'],\n  capture: 'viewport',\n  clip: {\n    x: 0,\n    y: 0,\n    width: 200,\n    height: 200\n  },\n  scale: false,\n  disableTimersAndAnimations: true,\n  screenshotOnRunFailure: true,\n  onBeforeScreenshot() {},\n  onAfterScreenshot() {}\n});",
                  "err": {},
                  "uuid": "11132c0a-c01e-406e-b76c-5b9f420143ea",
                  "parentUUID": "c42e5c3a-43e8-474b-9243-f74a77afe500",
                  "isHook": false,
                  "skipped": false
                }
              ],
              "suites": [],
              "passes": [
                "86994c6c-6a07-44ea-9577-f51443d9e3be",
                "11132c0a-c01e-406e-b76c-5b9f420143ea"
              ],
              "failures": [],
              "pending": [],
              "skipped": [],
              "duration": 1896,
              "root": false,
              "rootEmpty": false,
              "_timeout": 2000
            }
          ],
          "passes": [
            "37ba1551-50d8-4b24-bfb6-13ee8e549fc3",
            "4dcb7b28-beaf-462e-8d72-a25e6988e866"
          ],
          "failures": [
            "226f1848-36eb-47e7-8458-09a03106f959"
          ],
          "pending": [],
          "skipped": [],
          "duration": 1127,
          "root": false,
          "rootEmpty": false,
          "_timeout": 2000
        }
      ],
      "passes": [],
      "failures": [],
      "pending": [],
      "skipped": [],
      "duration": 0,
      "root": true,
      "rootEmpty": true,
      "_timeout": 2000
    }
  ],
  "meta": {
    "mocha": {
      "version": "7.0.1"
    },
    "mochawesome": {
      "options": {
        "quiet": false,
        "reportFilename": "mochawesome",
        "saveHtml": false,
        "saveJson": true,
        "consoleReporter": "spec",
        "useInlineDiffs": false,
        "code": true
      },
      "version": "7.1.3"
    },
    "marge": {
      "options": {
        "reportDir": "cypress/reports/qauto/.jsons",
        "overwrite": false,
        "html": false,
        "json": true
      },
      "version": "6.2.0"
    }
  }
}